<?xml version="1.0" encoding="UTF-8"?>
<!-- Generated by org.testng.reporters.JUnitReportReporter -->
<testsuite skipped="0" hostname="Nithya" name="com.TestNG.Simple_Annotations" tests="3" failures="0" timestamp="2022-05-31T17:09:39 IST" time="0.012" errors="0">
  <testcase name="women" time="0.001" classname="com.TestNG.Simple_Annotations"/>
  <system-out/>
  <testcase name="men" time="0.008" classname="com.TestNG.Simple_Annotations"/>
  <system-out/>
  <testcase name="tshirt" time="0.003" classname="com.TestNG.Simple_Annotations"/>
  <system-out/>
</testsuite> <!-- com.TestNG.Simple_Annotations -->
