<?xml version="1.0" encoding="UTF-8"?>
<!-- Generated by org.testng.reporters.JUnitReportReporter -->
<testsuite skipped="1" hostname="Nithya" name="com.TestNG.Ignore_Test" tests="3" failures="0" timestamp="2022-05-20T08:40:40 IST" time="0.022" errors="0">
  <testcase name="women" time="0.006" classname="com.TestNG.Ignore_Test"/>
  <system-out/>
  <testcase name="men" time="0.016" classname="com.TestNG.Ignore_Test"/>
  <system-out/>
  <testcase name="dresses" classname="com.TestNG.Ignore_Test">
    <skipped/>
  </testcase> <!-- dresses -->
  <system-out/>
</testsuite> <!-- com.TestNG.Ignore_Test -->
