<?xml version="1.0" encoding="UTF-8"?>
<!-- Generated by org.testng.reporters.JUnitReportReporter -->
<testsuite hostname="Nithya" failures="0" tests="5" name="com.TestNG.Grouping_Test" time="0.021" errors="0" timestamp="2022-08-15T10:49:16 IST" skipped="0">
  <testcase classname="com.TestNG.Grouping_Test" name="dresses" time="0.002"/>
  <system-out/>
  <testcase classname="com.TestNG.Grouping_Test" name="wynk" time="0.001"/>
  <system-out/>
  <testcase classname="com.TestNG.Grouping_Test" name="tshirt" time="0.003"/>
  <system-out/>
  <testcase classname="com.TestNG.Grouping_Test" name="books" time="0.012"/>
  <system-out/>
  <testcase classname="com.TestNG.Grouping_Test" name="spotify" time="0.003"/>
  <system-out/>
</testsuite> <!-- com.TestNG.Grouping_Test -->
