<?xml version="1.0" encoding="UTF-8"?>
<!-- Generated by org.testng.reporters.JUnitReportReporter -->
<testsuite hostname="Nithya" failures="0" tests="4" name="com.Primum.Extent_Reports" time="32.842" errors="0" timestamp="2022-10-28T14:32:18 IST" skipped="0">
  <testcase classname="com.Primum.Extent_Reports" name="login" time="10.940"/>
  <system-out/>
  <testcase classname="com.Primum.Extent_Reports" name="searchCancerTypes" time="4.166"/>
  <system-out/>
  <testcase classname="com.Primum.Extent_Reports" name="messagetoExperts" time="14.229"/>
  <system-out/>
  <testcase classname="com.Primum.Extent_Reports" name="Inbox_Closed" time="3.507"/>
  <system-out/>
</testsuite> <!-- com.Primum.Extent_Reports -->
