<?xml version="1.0" encoding="UTF-8"?>
<!-- Generated by org.testng.reporters.JUnitReportReporter -->
<testsuite skipped="0" hostname="Nithya" name="com.TestNG.Excepted_Exceptions" tests="1" failures="0" timestamp="2022-05-20T18:11:10 IST" time="0.006" errors="0">
  <testcase name="demo" time="0.006" classname="com.TestNG.Excepted_Exceptions"/>
  <system-out/>
</testsuite> <!-- com.TestNG.Excepted_Exceptions -->
