<?xml version="1.0" encoding="UTF-8"?>
<!-- Generated by org.testng.reporters.JUnitReportReporter -->
<testsuite skipped="0" hostname="Nithya" name="com.TestNG.Invocation_Count" tests="8" failures="0" timestamp="2022-05-20T17:59:37 IST" time="0.014" errors="0">
  <testcase name="setProperty" time="0.007" classname="com.TestNG.Invocation_Count"/>
  <system-out/>
  <testcase name="brower_Launch" time="0.001" classname="com.TestNG.Invocation_Count"/>
  <system-out/>
  <testcase name="get_Url" time="0.000" classname="com.TestNG.Invocation_Count"/>
  <system-out/>
  <testcase name="refresh" time="0.001" classname="com.TestNG.Invocation_Count"/>
  <system-out/>
  <testcase name="refresh" time="0.002" classname="com.TestNG.Invocation_Count"/>
  <system-out/>
  <testcase name="refresh" time="0.001" classname="com.TestNG.Invocation_Count"/>
  <system-out/>
  <testcase name="refresh" time="0.001" classname="com.TestNG.Invocation_Count"/>
  <system-out/>
  <testcase name="refresh" time="0.001" classname="com.TestNG.Invocation_Count"/>
  <system-out/>
</testsuite> <!-- com.TestNG.Invocation_Count -->
