<?xml version="1.0" encoding="UTF-8"?>
<!-- Generated by org.testng.reporters.JUnitReportReporter -->
<testsuite skipped="0" hostname="Nithya" name="com.TestNG.Data_Provider" tests="3" failures="0" timestamp="2022-05-28T21:18:19 IST" time="0.000" errors="0">
  <testcase name="credentials" time="0.000" classname="com.TestNG.Data_Provider"/>
  <system-out/>
  <testcase name="credentials" time="0.000" classname="com.TestNG.Data_Provider"/>
  <system-out/>
  <testcase name="credentials" time="0.000" classname="com.TestNG.Data_Provider"/>
  <system-out/>
</testsuite> <!-- com.TestNG.Data_Provider -->
