<?xml version="1.0" encoding="UTF-8"?>
<!-- Generated by org.testng.reporters.JUnitReportReporter -->
<testsuite skipped="0" hostname="Nithya" name="com.TestNG.Priority_Test" tests="4" failures="0" timestamp="2022-05-31T17:12:26 IST" time="0.017" errors="0">
  <testcase name="setProperty" time="0.000" classname="com.TestNG.Priority_Test"/>
  <system-out/>
  <testcase name="brower_Launch" time="0.016" classname="com.TestNG.Priority_Test"/>
  <system-out/>
  <testcase name="get_Url" time="0.001" classname="com.TestNG.Priority_Test"/>
  <system-out/>
  <testcase name="signIn" time="0.000" classname="com.TestNG.Priority_Test"/>
  <system-out/>
</testsuite> <!-- com.TestNG.Priority_Test -->
