<?xml version="1.0" encoding="UTF-8"?>
<!-- Generated by org.testng.reporters.JUnitReportReporter -->
<testsuite skipped="0" hostname="Nithya" name="com.TestNG.Project_TestNG" tests="4" failures="0" timestamp="2022-05-31T19:39:51 IST" time="16.619" errors="0">
  <testcase name="browerLaunch" time="11.003" classname="com.TestNG.Project_TestNG"/>
  <system-out/>
  <testcase name="login" time="1.401" classname="com.TestNG.Project_TestNG"/>
  <system-out/>
  <testcase name="searchHotel" time="2.536" classname="com.TestNG.Project_TestNG"/>
  <system-out/>
  <testcase name="hotelBook" time="1.679" classname="com.TestNG.Project_TestNG"/>
  <system-out/>
</testsuite> <!-- com.TestNG.Project_TestNG -->
