<?xml version="1.0" encoding="UTF-8"?>
<!-- Generated by org.testng.reporters.JUnitReportReporter -->
<testsuite hostname="Nithya" failures="0" tests="1" name="com.Interview.Amazon_Test" time="17.942" errors="0" timestamp="2022-09-26T11:35:47 IST" skipped="0">
  <testcase classname="com.Interview.Amazon_Test" name="test1" time="17.942"/>
  <system-out/>
</testsuite> <!-- com.Interview.Amazon_Test -->
